2025-03-31 20:27:01,181 - INFO - Chrome WebDriver initialized successfully
2025-03-31 20:27:01,182 - INFO - Starting data collection for TotalEnergies
2025-03-31 20:27:01,182 - INFO - Navigating to https://registers.esma.europa.eu/publication/searchRegister?core=esma_registers_priii_documents
2025-03-31 20:27:14,943 - INFO - Saved debug page: initial_page.html
2025-03-31 20:27:15,186 - INFO - Accepted cookies
2025-03-31 20:27:17,187 - INFO - Looking for keyword search field
2025-03-31 20:27:20,443 - INFO - Entered search term
2025-03-31 20:27:20,714 - INFO - Saved debug page: after_search_term.html
2025-03-31 20:27:21,981 - INFO - Clicked search button
2025-03-31 20:27:37,197 - INFO - Saved debug page: after_search.html
2025-03-31 20:27:37,210 - INFO - Search completed
2025-03-31 20:27:44,507 - ERROR - Error processing row: Message: no such element: Unable to locate element: {"method":"tag name","selector":"a"}
  (Session info: chrome=134.0.6998.165); For documentation on this error, please visit: https://www.selenium.dev/documentation/webdriver/troubleshooting/errors#no-such-element-exception
Stacktrace:
	GetHandleVerifier [0x00007FF719374C25+3179557]
	(No symbol) [0x00007FF718FD88A0]
	(No symbol) [0x00007FF718E691CA]
	(No symbol) [0x00007FF718EBFA67]
	(No symbol) [0x00007FF718EBFC9C]
	(No symbol) [0x00007FF718EB240C]
	(No symbol) [0x00007FF718EE7C6F]
	(No symbol) [0x00007FF718EB22D6]
	(No symbol) [0x00007FF718EE7E40]
	(No symbol) [0x00007FF718F102F3]
	(No symbol) [0x00007FF718EE7A03]
	(No symbol) [0x00007FF718EB06D0]
	(No symbol) [0x00007FF718EB1983]
	GetHandleVerifier [0x00007FF7193D67CD+3579853]
	GetHandleVerifier [0x00007FF7193ED1D2+3672530]
	GetHandleVerifier [0x00007FF7193E2153+3627347]
	GetHandleVerifier [0x00007FF71914092A+868650]
	(No symbol) [0x00007FF718FE2FFF]
	(No symbol) [0x00007FF718FDF4A4]
	(No symbol) [0x00007FF718FDF646]
	(No symbol) [0x00007FF718FCEAA9]
	BaseThreadInitThunk [0x00007FFC4673E8D7+23]
	RtlUserThreadStart [0x00007FFC4825BF6C+44]

2025-03-31 20:27:44,589 - ERROR - Error processing row: Message: no such element: Unable to locate element: {"method":"tag name","selector":"a"}
  (Session info: chrome=134.0.6998.165); For documentation on this error, please visit: https://www.selenium.dev/documentation/webdriver/troubleshooting/errors#no-such-element-exception
Stacktrace:
	GetHandleVerifier [0x00007FF719374C25+3179557]
	(No symbol) [0x00007FF718FD88A0]
	(No symbol) [0x00007FF718E691CA]
	(No symbol) [0x00007FF718EBFA67]
	(No symbol) [0x00007FF718EBFC9C]
	(No symbol) [0x00007FF718EB240C]
	(No symbol) [0x00007FF718EE7C6F]
	(No symbol) [0x00007FF718EB22D6]
	(No symbol) [0x00007FF718EE7E40]
	(No symbol) [0x00007FF718F102F3]
	(No symbol) [0x00007FF718EE7A03]
	(No symbol) [0x00007FF718EB06D0]
	(No symbol) [0x00007FF718EB1983]
	GetHandleVerifier [0x00007FF7193D67CD+3579853]
	GetHandleVerifier [0x00007FF7193ED1D2+3672530]
	GetHandleVerifier [0x00007FF7193E2153+3627347]
	GetHandleVerifier [0x00007FF71914092A+868650]
	(No symbol) [0x00007FF718FE2FFF]
	(No symbol) [0x00007FF718FDF4A4]
	(No symbol) [0x00007FF718FDF646]
	(No symbol) [0x00007FF718FCEAA9]
	BaseThreadInitThunk [0x00007FFC4673E8D7+23]
	RtlUserThreadStart [0x00007FFC4825BF6C+44]

2025-03-31 20:27:44,665 - ERROR - Error processing row: Message: no such element: Unable to locate element: {"method":"tag name","selector":"a"}
  (Session info: chrome=134.0.6998.165); For documentation on this error, please visit: https://www.selenium.dev/documentation/webdriver/troubleshooting/errors#no-such-element-exception
Stacktrace:
	GetHandleVerifier [0x00007FF719374C25+3179557]
	(No symbol) [0x00007FF718FD88A0]
	(No symbol) [0x00007FF718E691CA]
	(No symbol) [0x00007FF718EBFA67]
	(No symbol) [0x00007FF718EBFC9C]
	(No symbol) [0x00007FF718EB240C]
	(No symbol) [0x00007FF718EE7C6F]
	(No symbol) [0x00007FF718EB22D6]
	(No symbol) [0x00007FF718EE7E40]
	(No symbol) [0x00007FF718F102F3]
	(No symbol) [0x00007FF718EE7A03]
	(No symbol) [0x00007FF718EB06D0]
	(No symbol) [0x00007FF718EB1983]
	GetHandleVerifier [0x00007FF7193D67CD+3579853]
	GetHandleVerifier [0x00007FF7193ED1D2+3672530]
	GetHandleVerifier [0x00007FF7193E2153+3627347]
	GetHandleVerifier [0x00007FF71914092A+868650]
	(No symbol) [0x00007FF718FE2FFF]
	(No symbol) [0x00007FF718FDF4A4]
	(No symbol) [0x00007FF718FDF646]
	(No symbol) [0x00007FF718FCEAA9]
	BaseThreadInitThunk [0x00007FFC4673E8D7+23]
	RtlUserThreadStart [0x00007FFC4825BF6C+44]

2025-03-31 20:27:44,768 - ERROR - Error processing row: Message: no such element: Unable to locate element: {"method":"tag name","selector":"a"}
  (Session info: chrome=134.0.6998.165); For documentation on this error, please visit: https://www.selenium.dev/documentation/webdriver/troubleshooting/errors#no-such-element-exception
Stacktrace:
	GetHandleVerifier [0x00007FF719374C25+3179557]
	(No symbol) [0x00007FF718FD88A0]
	(No symbol) [0x00007FF718E691CA]
	(No symbol) [0x00007FF718EBFA67]
	(No symbol) [0x00007FF718EBFC9C]
	(No symbol) [0x00007FF718EB240C]
	(No symbol) [0x00007FF718EE7C6F]
	(No symbol) [0x00007FF718EB22D6]
	(No symbol) [0x00007FF718EE7E40]
	(No symbol) [0x00007FF718F102F3]
	(No symbol) [0x00007FF718EE7A03]
	(No symbol) [0x00007FF718EB06D0]
	(No symbol) [0x00007FF718EB1983]
	GetHandleVerifier [0x00007FF7193D67CD+3579853]
	GetHandleVerifier [0x00007FF7193ED1D2+3672530]
	GetHandleVerifier [0x00007FF7193E2153+3627347]
	GetHandleVerifier [0x00007FF71914092A+868650]
	(No symbol) [0x00007FF718FE2FFF]
	(No symbol) [0x00007FF718FDF4A4]
	(No symbol) [0x00007FF718FDF646]
	(No symbol) [0x00007FF718FCEAA9]
	BaseThreadInitThunk [0x00007FFC4673E8D7+23]
	RtlUserThreadStart [0x00007FFC4825BF6C+44]

2025-03-31 20:27:44,846 - ERROR - Error processing row: Message: no such element: Unable to locate element: {"method":"tag name","selector":"a"}
  (Session info: chrome=134.0.6998.165); For documentation on this error, please visit: https://www.selenium.dev/documentation/webdriver/troubleshooting/errors#no-such-element-exception
Stacktrace:
	GetHandleVerifier [0x00007FF719374C25+3179557]
	(No symbol) [0x00007FF718FD88A0]
	(No symbol) [0x00007FF718E691CA]
	(No symbol) [0x00007FF718EBFA67]
	(No symbol) [0x00007FF718EBFC9C]
	(No symbol) [0x00007FF718EB240C]
	(No symbol) [0x00007FF718EE7C6F]
	(No symbol) [0x00007FF718EB22D6]
	(No symbol) [0x00007FF718EE7E40]
	(No symbol) [0x00007FF718F102F3]
	(No symbol) [0x00007FF718EE7A03]
	(No symbol) [0x00007FF718EB06D0]
	(No symbol) [0x00007FF718EB1983]
	GetHandleVerifier [0x00007FF7193D67CD+3579853]
	GetHandleVerifier [0x00007FF7193ED1D2+3672530]
	GetHandleVerifier [0x00007FF7193E2153+3627347]
	GetHandleVerifier [0x00007FF71914092A+868650]
	(No symbol) [0x00007FF718FE2FFF]
	(No symbol) [0x00007FF718FDF4A4]
	(No symbol) [0x00007FF718FDF646]
	(No symbol) [0x00007FF718FCEAA9]
	BaseThreadInitThunk [0x00007FFC4673E8D7+23]
	RtlUserThreadStart [0x00007FFC4825BF6C+44]

2025-03-31 20:27:44,923 - ERROR - Error processing row: Message: no such element: Unable to locate element: {"method":"tag name","selector":"a"}
  (Session info: chrome=134.0.6998.165); For documentation on this error, please visit: https://www.selenium.dev/documentation/webdriver/troubleshooting/errors#no-such-element-exception
Stacktrace:
	GetHandleVerifier [0x00007FF719374C25+3179557]
	(No symbol) [0x00007FF718FD88A0]
	(No symbol) [0x00007FF718E691CA]
	(No symbol) [0x00007FF718EBFA67]
	(No symbol) [0x00007FF718EBFC9C]
	(No symbol) [0x00007FF718EB240C]
	(No symbol) [0x00007FF718EE7C6F]
	(No symbol) [0x00007FF718EB22D6]
	(No symbol) [0x00007FF718EE7E40]
	(No symbol) [0x00007FF718F102F3]
	(No symbol) [0x00007FF718EE7A03]
	(No symbol) [0x00007FF718EB06D0]
	(No symbol) [0x00007FF718EB1983]
	GetHandleVerifier [0x00007FF7193D67CD+3579853]
	GetHandleVerifier [0x00007FF7193ED1D2+3672530]
	GetHandleVerifier [0x00007FF7193E2153+3627347]
	GetHandleVerifier [0x00007FF71914092A+868650]
	(No symbol) [0x00007FF718FE2FFF]
	(No symbol) [0x00007FF718FDF4A4]
	(No symbol) [0x00007FF718FDF646]
	(No symbol) [0x00007FF718FCEAA9]
	BaseThreadInitThunk [0x00007FFC4673E8D7+23]
	RtlUserThreadStart [0x00007FFC4825BF6C+44]

2025-03-31 20:27:44,999 - ERROR - Error processing row: Message: no such element: Unable to locate element: {"method":"tag name","selector":"a"}
  (Session info: chrome=134.0.6998.165); For documentation on this error, please visit: https://www.selenium.dev/documentation/webdriver/troubleshooting/errors#no-such-element-exception
Stacktrace:
	GetHandleVerifier [0x00007FF719374C25+3179557]
	(No symbol) [0x00007FF718FD88A0]
	(No symbol) [0x00007FF718E691CA]
	(No symbol) [0x00007FF718EBFA67]
	(No symbol) [0x00007FF718EBFC9C]
	(No symbol) [0x00007FF718EB240C]
	(No symbol) [0x00007FF718EE7C6F]
	(No symbol) [0x00007FF718EB22D6]
	(No symbol) [0x00007FF718EE7E40]
	(No symbol) [0x00007FF718F102F3]
	(No symbol) [0x00007FF718EE7A03]
	(No symbol) [0x00007FF718EB06D0]
	(No symbol) [0x00007FF718EB1983]
	GetHandleVerifier [0x00007FF7193D67CD+3579853]
	GetHandleVerifier [0x00007FF7193ED1D2+3672530]
	GetHandleVerifier [0x00007FF7193E2153+3627347]
	GetHandleVerifier [0x00007FF71914092A+868650]
	(No symbol) [0x00007FF718FE2FFF]
	(No symbol) [0x00007FF718FDF4A4]
	(No symbol) [0x00007FF718FDF646]
	(No symbol) [0x00007FF718FCEAA9]
	BaseThreadInitThunk [0x00007FFC4673E8D7+23]
	RtlUserThreadStart [0x00007FFC4825BF6C+44]

2025-03-31 20:27:45,077 - ERROR - Error processing row: Message: no such element: Unable to locate element: {"method":"tag name","selector":"a"}
  (Session info: chrome=134.0.6998.165); For documentation on this error, please visit: https://www.selenium.dev/documentation/webdriver/troubleshooting/errors#no-such-element-exception
Stacktrace:
	GetHandleVerifier [0x00007FF719374C25+3179557]
	(No symbol) [0x00007FF718FD88A0]
	(No symbol) [0x00007FF718E691CA]
	(No symbol) [0x00007FF718EBFA67]
	(No symbol) [0x00007FF718EBFC9C]
	(No symbol) [0x00007FF718EB240C]
	(No symbol) [0x00007FF718EE7C6F]
	(No symbol) [0x00007FF718EB22D6]
	(No symbol) [0x00007FF718EE7E40]
	(No symbol) [0x00007FF718F102F3]
	(No symbol) [0x00007FF718EE7A03]
	(No symbol) [0x00007FF718EB06D0]
	(No symbol) [0x00007FF718EB1983]
	GetHandleVerifier [0x00007FF7193D67CD+3579853]
	GetHandleVerifier [0x00007FF7193ED1D2+3672530]
	GetHandleVerifier [0x00007FF7193E2153+3627347]
	GetHandleVerifier [0x00007FF71914092A+868650]
	(No symbol) [0x00007FF718FE2FFF]
	(No symbol) [0x00007FF718FDF4A4]
	(No symbol) [0x00007FF718FDF646]
	(No symbol) [0x00007FF718FCEAA9]
	BaseThreadInitThunk [0x00007FFC4673E8D7+23]
	RtlUserThreadStart [0x00007FFC4825BF6C+44]

2025-03-31 20:27:45,156 - ERROR - Error processing row: Message: no such element: Unable to locate element: {"method":"tag name","selector":"a"}
  (Session info: chrome=134.0.6998.165); For documentation on this error, please visit: https://www.selenium.dev/documentation/webdriver/troubleshooting/errors#no-such-element-exception
Stacktrace:
	GetHandleVerifier [0x00007FF719374C25+3179557]
	(No symbol) [0x00007FF718FD88A0]
	(No symbol) [0x00007FF718E691CA]
	(No symbol) [0x00007FF718EBFA67]
	(No symbol) [0x00007FF718EBFC9C]
	(No symbol) [0x00007FF718EB240C]
	(No symbol) [0x00007FF718EE7C6F]
	(No symbol) [0x00007FF718EB22D6]
	(No symbol) [0x00007FF718EE7E40]
	(No symbol) [0x00007FF718F102F3]
	(No symbol) [0x00007FF718EE7A03]
	(No symbol) [0x00007FF718EB06D0]
	(No symbol) [0x00007FF718EB1983]
	GetHandleVerifier [0x00007FF7193D67CD+3579853]
	GetHandleVerifier [0x00007FF7193ED1D2+3672530]
	GetHandleVerifier [0x00007FF7193E2153+3627347]
	GetHandleVerifier [0x00007FF71914092A+868650]
	(No symbol) [0x00007FF718FE2FFF]
	(No symbol) [0x00007FF718FDF4A4]
	(No symbol) [0x00007FF718FDF646]
	(No symbol) [0x00007FF718FCEAA9]
	BaseThreadInitThunk [0x00007FFC4673E8D7+23]
	RtlUserThreadStart [0x00007FFC4825BF6C+44]

2025-03-31 20:27:45,234 - ERROR - Error processing row: Message: no such element: Unable to locate element: {"method":"tag name","selector":"a"}
  (Session info: chrome=134.0.6998.165); For documentation on this error, please visit: https://www.selenium.dev/documentation/webdriver/troubleshooting/errors#no-such-element-exception
Stacktrace:
	GetHandleVerifier [0x00007FF719374C25+3179557]
	(No symbol) [0x00007FF718FD88A0]
	(No symbol) [0x00007FF718E691CA]
	(No symbol) [0x00007FF718EBFA67]
	(No symbol) [0x00007FF718EBFC9C]
	(No symbol) [0x00007FF718EB240C]
	(No symbol) [0x00007FF718EE7C6F]
	(No symbol) [0x00007FF718EB22D6]
	(No symbol) [0x00007FF718EE7E40]
	(No symbol) [0x00007FF718F102F3]
	(No symbol) [0x00007FF718EE7A03]
	(No symbol) [0x00007FF718EB06D0]
	(No symbol) [0x00007FF718EB1983]
	GetHandleVerifier [0x00007FF7193D67CD+3579853]
	GetHandleVerifier [0x00007FF7193ED1D2+3672530]
	GetHandleVerifier [0x00007FF7193E2153+3627347]
	GetHandleVerifier [0x00007FF71914092A+868650]
	(No symbol) [0x00007FF718FE2FFF]
	(No symbol) [0x00007FF718FDF4A4]
	(No symbol) [0x00007FF718FDF646]
	(No symbol) [0x00007FF718FCEAA9]
	BaseThreadInitThunk [0x00007FFC4673E8D7+23]
	RtlUserThreadStart [0x00007FFC4825BF6C+44]

2025-03-31 20:27:47,605 - INFO - Completed data collection for TotalEnergies
2025-03-31 20:27:47,606 - INFO - Starting data collection for Glencore
2025-03-31 20:27:47,607 - INFO - Navigating to https://registers.esma.europa.eu/publication/searchRegister?core=esma_registers_priii_documents
2025-03-31 20:27:51,718 - WARNING - Retrying (Retry(total=2, connect=None, read=None, redirect=None, status=None)) after connection broken by 'NewConnectionError('<urllib3.connection.HTTPConnection object at 0x00000245722F0140>: Failed to establish a new connection: [WinError 10061] No connection could be made because the target machine actively refused it')': /session/13633862288f548007a752361fc830c9/url
2025-03-31 20:27:55,824 - WARNING - Retrying (Retry(total=1, connect=None, read=None, redirect=None, status=None)) after connection broken by 'NewConnectionError('<urllib3.connection.HTTPConnection object at 0x00000245722F0380>: Failed to establish a new connection: [WinError 10061] No connection could be made because the target machine actively refused it')': /session/13633862288f548007a752361fc830c9/url
2025-03-31 20:27:59,902 - WARNING - Retrying (Retry(total=0, connect=None, read=None, redirect=None, status=None)) after connection broken by 'NewConnectionError('<urllib3.connection.HTTPConnection object at 0x00000245722F0560>: Failed to establish a new connection: [WinError 10061] No connection could be made because the target machine actively refused it')': /session/13633862288f548007a752361fc830c9/url
2025-03-31 20:28:03,968 - ERROR - Error in initialize_session: HTTPConnectionPool(host='localhost', port=55612): Max retries exceeded with url: /session/13633862288f548007a752361fc830c9/url (Caused by NewConnectionError('<urllib3.connection.HTTPConnection object at 0x00000245722F0740>: Failed to establish a new connection: [WinError 10061] No connection could be made because the target machine actively refused it'))
2025-03-31 20:28:08,038 - WARNING - Retrying (Retry(total=2, connect=None, read=None, redirect=None, status=None)) after connection broken by 'NewConnectionError('<urllib3.connection.HTTPConnection object at 0x00000245722F0A40>: Failed to establish a new connection: [WinError 10061] No connection could be made because the target machine actively refused it')': /session/13633862288f548007a752361fc830c9/source
2025-03-31 20:28:12,115 - WARNING - Retrying (Retry(total=1, connect=None, read=None, redirect=None, status=None)) after connection broken by 'NewConnectionError('<urllib3.connection.HTTPConnection object at 0x00000245722F0BF0>: Failed to establish a new connection: [WinError 10061] No connection could be made because the target machine actively refused it')': /session/13633862288f548007a752361fc830c9/source
2025-03-31 20:28:16,209 - WARNING - Retrying (Retry(total=0, connect=None, read=None, redirect=None, status=None)) after connection broken by 'NewConnectionError('<urllib3.connection.HTTPConnection object at 0x00000245722F0DA0>: Failed to establish a new connection: [WinError 10061] No connection could be made because the target machine actively refused it')': /session/13633862288f548007a752361fc830c9/source
2025-03-31 20:28:20,267 - ERROR - Failed to save debug page error_page.html: HTTPConnectionPool(host='localhost', port=55612): Max retries exceeded with url: /session/13633862288f548007a752361fc830c9/source (Caused by NewConnectionError('<urllib3.connection.HTTPConnection object at 0x00000245722F0F50>: Failed to establish a new connection: [WinError 10061] No connection could be made because the target machine actively refused it'))
2025-03-31 20:28:20,268 - ERROR - Error collecting data: HTTPConnectionPool(host='localhost', port=55612): Max retries exceeded with url: /session/13633862288f548007a752361fc830c9/url (Caused by NewConnectionError('<urllib3.connection.HTTPConnection object at 0x00000245722F0740>: Failed to establish a new connection: [WinError 10061] No connection could be made because the target machine actively refused it'))
2025-03-31 20:28:24,367 - WARNING - Retrying (Retry(total=2, connect=None, read=None, redirect=None, status=None)) after connection broken by 'NewConnectionError('<urllib3.connection.HTTPConnection object at 0x00000245722F1160>: Failed to establish a new connection: [WinError 10061] No connection could be made because the target machine actively refused it')': /session/13633862288f548007a752361fc830c9
2025-03-31 20:28:28,468 - WARNING - Retrying (Retry(total=1, connect=None, read=None, redirect=None, status=None)) after connection broken by 'NewConnectionError('<urllib3.connection.HTTPConnection object at 0x00000245722F1310>: Failed to establish a new connection: [WinError 10061] No connection could be made because the target machine actively refused it')': /session/13633862288f548007a752361fc830c9
2025-03-31 20:28:32,565 - WARNING - Retrying (Retry(total=0, connect=None, read=None, redirect=None, status=None)) after connection broken by 'NewConnectionError('<urllib3.connection.HTTPConnection object at 0x00000245722F14C0>: Failed to establish a new connection: [WinError 10061] No connection could be made because the target machine actively refused it')': /session/13633862288f548007a752361fc830c9
2025-03-31 20:28:40,723 - INFO - Completed data collection for Glencore
2025-03-31 20:29:14,580 - INFO - Chrome WebDriver initialized successfully
2025-03-31 20:29:14,581 - INFO - Starting data collection for TotalEnergies
2025-03-31 20:29:14,583 - INFO - Navigating to https://registers.esma.europa.eu/publication/searchRegister?core=esma_registers_priii_documents
2025-03-31 20:29:29,231 - INFO - Saved debug page: initial_page.html
2025-03-31 20:29:29,463 - INFO - Accepted cookies
2025-03-31 20:29:31,464 - INFO - Looking for keyword search field
2025-03-31 20:29:34,732 - INFO - Entered search term
2025-03-31 20:29:35,015 - INFO - Saved debug page: after_search_term.html
2025-03-31 20:29:36,634 - INFO - Clicked search button
2025-03-31 20:29:51,993 - INFO - Saved debug page: after_search.html
2025-03-31 20:29:51,994 - INFO - Search completed
2025-03-31 20:30:07,050 - INFO - Processing PDF for Final terms, including the summary of the individual issue annexed to them - FRANCE
2025-03-31 20:30:07,051 - ERROR - Error processing PDF for security FRANCE: PDFProcessor.process_pdf_url() takes 2 positional arguments but 3 were given
2025-03-31 20:30:07,051 - INFO - Processing PDF for Final terms, including the summary of the individual issue annexed to them - FRANCE
2025-03-31 20:30:07,052 - ERROR - Error processing PDF for security FRANCE: PDFProcessor.process_pdf_url() takes 2 positional arguments but 3 were given
2025-03-31 20:30:07,052 - INFO - Processing PDF for Final terms, including the summary of the individual issue annexed to them - FRANCE
2025-03-31 20:30:07,053 - ERROR - Error processing PDF for security FRANCE: PDFProcessor.process_pdf_url() takes 2 positional arguments but 3 were given
2025-03-31 20:30:07,054 - INFO - Processing PDF for Supplement - FRANCE
2025-03-31 20:30:07,054 - ERROR - Error processing PDF for security FRANCE: PDFProcessor.process_pdf_url() takes 2 positional arguments but 3 were given
2025-03-31 20:30:07,055 - INFO - Processing PDF for Final terms, including the summary of the individual issue annexed to them - FRANCE
2025-03-31 20:30:07,055 - ERROR - Error processing PDF for security FRANCE: PDFProcessor.process_pdf_url() takes 2 positional arguments but 3 were given
2025-03-31 20:30:07,056 - INFO - Processing PDF for Final terms, including the summary of the individual issue annexed to them - FRANCE
2025-03-31 20:30:07,056 - ERROR - Error processing PDF for security FRANCE: PDFProcessor.process_pdf_url() takes 2 positional arguments but 3 were given
2025-03-31 20:30:07,057 - INFO - Processing PDF for Supplement - FRANCE
2025-03-31 20:30:07,057 - ERROR - Error processing PDF for security FRANCE: PDFProcessor.process_pdf_url() takes 2 positional arguments but 3 were given
2025-03-31 20:30:07,058 - INFO - Processing PDF for Base prospectus without Final terms - FRANCE
2025-03-31 20:30:07,058 - ERROR - Error processing PDF for security FRANCE: PDFProcessor.process_pdf_url() takes 2 positional arguments but 3 were given
2025-03-31 20:30:07,060 - INFO - Processing PDF for Final terms, including the summary of the individual issue annexed to them - ITALY
2025-03-31 20:30:07,061 - ERROR - Error processing PDF for security ITALY: PDFProcessor.process_pdf_url() takes 2 positional arguments but 3 were given
2025-03-31 20:30:07,061 - INFO - Processing PDF for Final terms, including the summary of the individual issue annexed to them - ITALY
2025-03-31 20:30:07,062 - ERROR - Error processing PDF for security ITALY: PDFProcessor.process_pdf_url() takes 2 positional arguments but 3 were given
2025-03-31 20:30:09,443 - INFO - Completed data collection for TotalEnergies
2025-03-31 20:30:14,444 - INFO - Starting data collection for Glencore
2025-03-31 20:30:14,444 - INFO - Navigating to https://registers.esma.europa.eu/publication/searchRegister?core=esma_registers_priii_documents
2025-03-31 20:30:18,544 - WARNING - Retrying (Retry(total=2, connect=None, read=None, redirect=None, status=None)) after connection broken by 'NewConnectionError('<urllib3.connection.HTTPConnection object at 0x0000025F0EDDD1F0>: Failed to establish a new connection: [WinError 10061] No connection could be made because the target machine actively refused it')': /session/e852a75ecb1c39447b1bdc705c4fadc2/url
2025-03-31 20:30:22,628 - WARNING - Retrying (Retry(total=1, connect=None, read=None, redirect=None, status=None)) after connection broken by 'NewConnectionError('<urllib3.connection.HTTPConnection object at 0x0000025F0EDDCD40>: Failed to establish a new connection: [WinError 10061] No connection could be made because the target machine actively refused it')': /session/e852a75ecb1c39447b1bdc705c4fadc2/url
2025-03-31 20:30:26,725 - WARNING - Retrying (Retry(total=0, connect=None, read=None, redirect=None, status=None)) after connection broken by 'NewConnectionError('<urllib3.connection.HTTPConnection object at 0x0000025F0EDDCF20>: Failed to establish a new connection: [WinError 10061] No connection could be made because the target machine actively refused it')': /session/e852a75ecb1c39447b1bdc705c4fadc2/url
2025-03-31 20:30:30,813 - ERROR - Error in initialize_session: HTTPConnectionPool(host='localhost', port=49722): Max retries exceeded with url: /session/e852a75ecb1c39447b1bdc705c4fadc2/url (Caused by NewConnectionError('<urllib3.connection.HTTPConnection object at 0x0000025F0EDDC8C0>: Failed to establish a new connection: [WinError 10061] No connection could be made because the target machine actively refused it'))
2025-03-31 20:30:34,905 - WARNING - Retrying (Retry(total=2, connect=None, read=None, redirect=None, status=None)) after connection broken by 'NewConnectionError('<urllib3.connection.HTTPConnection object at 0x0000025F0EDDD520>: Failed to establish a new connection: [WinError 10061] No connection could be made because the target machine actively refused it')': /session/e852a75ecb1c39447b1bdc705c4fadc2/source
2025-03-31 20:30:38,983 - WARNING - Retrying (Retry(total=1, connect=None, read=None, redirect=None, status=None)) after connection broken by 'NewConnectionError('<urllib3.connection.HTTPConnection object at 0x0000025F0EDDD6D0>: Failed to establish a new connection: [WinError 10061] No connection could be made because the target machine actively refused it')': /session/e852a75ecb1c39447b1bdc705c4fadc2/source
2025-03-31 20:30:43,076 - WARNING - Retrying (Retry(total=0, connect=None, read=None, redirect=None, status=None)) after connection broken by 'NewConnectionError('<urllib3.connection.HTTPConnection object at 0x0000025F0EDDD880>: Failed to establish a new connection: [WinError 10061] No connection could be made because the target machine actively refused it')': /session/e852a75ecb1c39447b1bdc705c4fadc2/source
2025-03-31 20:30:47,173 - ERROR - Failed to save debug page error_page.html: HTTPConnectionPool(host='localhost', port=49722): Max retries exceeded with url: /session/e852a75ecb1c39447b1bdc705c4fadc2/source (Caused by NewConnectionError('<urllib3.connection.HTTPConnection object at 0x0000025F0EDDDA30>: Failed to establish a new connection: [WinError 10061] No connection could be made because the target machine actively refused it'))
2025-03-31 20:30:47,173 - ERROR - Error collecting data (attempt 1/3): HTTPConnectionPool(host='localhost', port=49722): Max retries exceeded with url: /session/e852a75ecb1c39447b1bdc705c4fadc2/url (Caused by NewConnectionError('<urllib3.connection.HTTPConnection object at 0x0000025F0EDDC8C0>: Failed to establish a new connection: [WinError 10061] No connection could be made because the target machine actively refused it'))
2025-03-31 20:30:56,285 - WARNING - Retrying (Retry(total=2, connect=None, read=None, redirect=None, status=None)) after connection broken by 'NewConnectionError('<urllib3.connection.HTTPConnection object at 0x0000025F0EDDDC40>: Failed to establish a new connection: [WinError 10061] No connection could be made because the target machine actively refused it')': /session/e852a75ecb1c39447b1bdc705c4fadc2
2025-03-31 20:31:00,356 - WARNING - Retrying (Retry(total=1, connect=None, read=None, redirect=None, status=None)) after connection broken by 'NewConnectionError('<urllib3.connection.HTTPConnection object at 0x0000025F0EDDDDF0>: Failed to establish a new connection: [WinError 10061] No connection could be made because the target machine actively refused it')': /session/e852a75ecb1c39447b1bdc705c4fadc2
2025-03-31 20:31:04,441 - WARNING - Retrying (Retry(total=0, connect=None, read=None, redirect=None, status=None)) after connection broken by 'NewConnectionError('<urllib3.connection.HTTPConnection object at 0x0000025F0EDDDFA0>: Failed to establish a new connection: [WinError 10061] No connection could be made because the target machine actively refused it')': /session/e852a75ecb1c39447b1bdc705c4fadc2
2025-03-31 20:31:12,612 - INFO - Navigating to https://registers.esma.europa.eu/publication/searchRegister?core=esma_registers_priii_documents
2025-03-31 20:31:16,688 - WARNING - Retrying (Retry(total=2, connect=None, read=None, redirect=None, status=None)) after connection broken by 'NewConnectionError('<urllib3.connection.HTTPConnection object at 0x0000025F0EDDE570>: Failed to establish a new connection: [WinError 10061] No connection could be made because the target machine actively refused it')': /session/e852a75ecb1c39447b1bdc705c4fadc2/url
2025-03-31 20:31:20,778 - WARNING - Retrying (Retry(total=1, connect=None, read=None, redirect=None, status=None)) after connection broken by 'NewConnectionError('<urllib3.connection.HTTPConnection object at 0x0000025F0EDDE660>: Failed to establish a new connection: [WinError 10061] No connection could be made because the target machine actively refused it')': /session/e852a75ecb1c39447b1bdc705c4fadc2/url
2025-03-31 20:31:24,849 - WARNING - Retrying (Retry(total=0, connect=None, read=None, redirect=None, status=None)) after connection broken by 'NewConnectionError('<urllib3.connection.HTTPConnection object at 0x0000025F0EDDE0F0>: Failed to establish a new connection: [WinError 10061] No connection could be made because the target machine actively refused it')': /session/e852a75ecb1c39447b1bdc705c4fadc2/url
2025-03-31 20:31:28,963 - ERROR - Error in initialize_session: HTTPConnectionPool(host='localhost', port=49722): Max retries exceeded with url: /session/e852a75ecb1c39447b1bdc705c4fadc2/url (Caused by NewConnectionError('<urllib3.connection.HTTPConnection object at 0x0000025F0EDDE030>: Failed to establish a new connection: [WinError 10061] No connection could be made because the target machine actively refused it'))
2025-03-31 20:31:33,038 - WARNING - Retrying (Retry(total=2, connect=None, read=None, redirect=None, status=None)) after connection broken by 'NewConnectionError('<urllib3.connection.HTTPConnection object at 0x0000025F0EDDD3D0>: Failed to establish a new connection: [WinError 10061] No connection could be made because the target machine actively refused it')': /session/e852a75ecb1c39447b1bdc705c4fadc2/source
2025-03-31 20:31:37,134 - WARNING - Retrying (Retry(total=1, connect=None, read=None, redirect=None, status=None)) after connection broken by 'NewConnectionError('<urllib3.connection.HTTPConnection object at 0x0000025F0EDDD9D0>: Failed to establish a new connection: [WinError 10061] No connection could be made because the target machine actively refused it')': /session/e852a75ecb1c39447b1bdc705c4fadc2/source
2025-03-31 20:31:41,232 - WARNING - Retrying (Retry(total=0, connect=None, read=None, redirect=None, status=None)) after connection broken by 'NewConnectionError('<urllib3.connection.HTTPConnection object at 0x0000025F0EDDD8B0>: Failed to establish a new connection: [WinError 10061] No connection could be made because the target machine actively refused it')': /session/e852a75ecb1c39447b1bdc705c4fadc2/source
2025-03-31 20:31:45,330 - ERROR - Failed to save debug page error_page.html: HTTPConnectionPool(host='localhost', port=49722): Max retries exceeded with url: /session/e852a75ecb1c39447b1bdc705c4fadc2/source (Caused by NewConnectionError('<urllib3.connection.HTTPConnection object at 0x0000025F0EDDD760>: Failed to establish a new connection: [WinError 10061] No connection could be made because the target machine actively refused it'))
2025-03-31 20:31:45,332 - ERROR - Error collecting data (attempt 2/3): HTTPConnectionPool(host='localhost', port=49722): Max retries exceeded with url: /session/e852a75ecb1c39447b1bdc705c4fadc2/url (Caused by NewConnectionError('<urllib3.connection.HTTPConnection object at 0x0000025F0EDDE030>: Failed to establish a new connection: [WinError 10061] No connection could be made because the target machine actively refused it'))
2025-03-31 20:31:54,412 - WARNING - Retrying (Retry(total=2, connect=None, read=None, redirect=None, status=None)) after connection broken by 'NewConnectionError('<urllib3.connection.HTTPConnection object at 0x0000025F0EDDD370>: Failed to establish a new connection: [WinError 10061] No connection could be made because the target machine actively refused it')': /session/e852a75ecb1c39447b1bdc705c4fadc2
2025-03-31 20:31:58,483 - WARNING - Retrying (Retry(total=1, connect=None, read=None, redirect=None, status=None)) after connection broken by 'NewConnectionError('<urllib3.connection.HTTPConnection object at 0x0000025F0EDDCDA0>: Failed to establish a new connection: [WinError 10061] No connection could be made because the target machine actively refused it')': /session/e852a75ecb1c39447b1bdc705c4fadc2
2025-03-31 20:32:02,571 - WARNING - Retrying (Retry(total=0, connect=None, read=None, redirect=None, status=None)) after connection broken by 'NewConnectionError('<urllib3.connection.HTTPConnection object at 0x0000025F0EDDCE60>: Failed to establish a new connection: [WinError 10061] No connection could be made because the target machine actively refused it')': /session/e852a75ecb1c39447b1bdc705c4fadc2
2025-03-31 20:32:10,755 - INFO - Navigating to https://registers.esma.europa.eu/publication/searchRegister?core=esma_registers_priii_documents
2025-03-31 20:32:14,857 - WARNING - Retrying (Retry(total=2, connect=None, read=None, redirect=None, status=None)) after connection broken by 'NewConnectionError('<urllib3.connection.HTTPConnection object at 0x0000025F0EDDD2E0>: Failed to establish a new connection: [WinError 10061] No connection could be made because the target machine actively refused it')': /session/e852a75ecb1c39447b1bdc705c4fadc2/url
2025-03-31 20:32:18,948 - WARNING - Retrying (Retry(total=1, connect=None, read=None, redirect=None, status=None)) after connection broken by 'NewConnectionError('<urllib3.connection.HTTPConnection object at 0x0000025F0EDDE750>: Failed to establish a new connection: [WinError 10061] No connection could be made because the target machine actively refused it')': /session/e852a75ecb1c39447b1bdc705c4fadc2/url
2025-03-31 20:32:23,018 - WARNING - Retrying (Retry(total=0, connect=None, read=None, redirect=None, status=None)) after connection broken by 'NewConnectionError('<urllib3.connection.HTTPConnection object at 0x0000025F0EDDE990>: Failed to establish a new connection: [WinError 10061] No connection could be made because the target machine actively refused it')': /session/e852a75ecb1c39447b1bdc705c4fadc2/url
2025-03-31 20:32:27,117 - ERROR - Error in initialize_session: HTTPConnectionPool(host='localhost', port=49722): Max retries exceeded with url: /session/e852a75ecb1c39447b1bdc705c4fadc2/url (Caused by NewConnectionError('<urllib3.connection.HTTPConnection object at 0x0000025F0EDDEBD0>: Failed to establish a new connection: [WinError 10061] No connection could be made because the target machine actively refused it'))
2025-03-31 20:32:31,204 - WARNING - Retrying (Retry(total=2, connect=None, read=None, redirect=None, status=None)) after connection broken by 'NewConnectionError('<urllib3.connection.HTTPConnection object at 0x0000025F0EDDE3F0>: Failed to establish a new connection: [WinError 10061] No connection could be made because the target machine actively refused it')': /session/e852a75ecb1c39447b1bdc705c4fadc2/source
2025-03-31 20:32:35,277 - WARNING - Retrying (Retry(total=1, connect=None, read=None, redirect=None, status=None)) after connection broken by 'NewConnectionError('<urllib3.connection.HTTPConnection object at 0x0000025F0EDDD1C0>: Failed to establish a new connection: [WinError 10061] No connection could be made because the target machine actively refused it')': /session/e852a75ecb1c39447b1bdc705c4fadc2/source
2025-03-31 20:32:39,380 - WARNING - Retrying (Retry(total=0, connect=None, read=None, redirect=None, status=None)) after connection broken by 'NewConnectionError('<urllib3.connection.HTTPConnection object at 0x0000025F0EDDC8C0>: Failed to establish a new connection: [WinError 10061] No connection could be made because the target machine actively refused it')': /session/e852a75ecb1c39447b1bdc705c4fadc2/source
2025-03-31 20:32:43,492 - ERROR - Failed to save debug page error_page.html: HTTPConnectionPool(host='localhost', port=49722): Max retries exceeded with url: /session/e852a75ecb1c39447b1bdc705c4fadc2/source (Caused by NewConnectionError('<urllib3.connection.HTTPConnection object at 0x0000025F0EDDC440>: Failed to establish a new connection: [WinError 10061] No connection could be made because the target machine actively refused it'))
2025-03-31 20:32:43,493 - ERROR - Error collecting data (attempt 3/3): HTTPConnectionPool(host='localhost', port=49722): Max retries exceeded with url: /session/e852a75ecb1c39447b1bdc705c4fadc2/url (Caused by NewConnectionError('<urllib3.connection.HTTPConnection object at 0x0000025F0EDDEBD0>: Failed to establish a new connection: [WinError 10061] No connection could be made because the target machine actively refused it'))
2025-03-31 20:32:43,494 - ERROR - Failed to collect data for Glencore after 3 attempts
2025-03-31 20:32:47,584 - WARNING - Retrying (Retry(total=2, connect=None, read=None, redirect=None, status=None)) after connection broken by 'NewConnectionError('<urllib3.connection.HTTPConnection object at 0x0000025F0EDDDDC0>: Failed to establish a new connection: [WinError 10061] No connection could be made because the target machine actively refused it')': /session/e852a75ecb1c39447b1bdc705c4fadc2
2025-03-31 20:32:51,658 - WARNING - Retrying (Retry(total=1, connect=None, read=None, redirect=None, status=None)) after connection broken by 'NewConnectionError('<urllib3.connection.HTTPConnection object at 0x0000025F0EDDD700>: Failed to establish a new connection: [WinError 10061] No connection could be made because the target machine actively refused it')': /session/e852a75ecb1c39447b1bdc705c4fadc2
2025-03-31 20:32:55,750 - WARNING - Retrying (Retry(total=0, connect=None, read=None, redirect=None, status=None)) after connection broken by 'NewConnectionError('<urllib3.connection.HTTPConnection object at 0x0000025F0EDDD880>: Failed to establish a new connection: [WinError 10061] No connection could be made because the target machine actively refused it')': /session/e852a75ecb1c39447b1bdc705c4fadc2
2025-03-31 20:33:03,913 - INFO - Completed data collection for Glencore
2025-03-31 20:41:41,984 - INFO - Chrome WebDriver initialized successfully
2025-03-31 20:41:41,986 - INFO - Starting data collection for TotalEnergies
2025-03-31 20:41:49,409 - INFO - Saved debug page: initial_page.html
2025-03-31 20:42:09,596 - INFO - No cookie banner found
2025-03-31 20:42:39,613 - ERROR - Error getting securities: Message: timeout: Timed out receiving message from renderer: 29.098
  (Session info: chrome=134.0.6998.165)
Stacktrace:
	GetHandleVerifier [0x00007FF719374C25+3179557]
	(No symbol) [0x00007FF718FD88A0]
	(No symbol) [0x00007FF718E691CA]
	(No symbol) [0x00007FF718E5664C]
	(No symbol) [0x00007FF718E5633A]
	(No symbol) [0x00007FF718E53EC2]
	(No symbol) [0x00007FF718E5498F]
	(No symbol) [0x00007FF718E6350E]
	(No symbol) [0x00007FF718E799B3]
	(No symbol) [0x00007FF718E80AEA]
	(No symbol) [0x00007FF718E550FD]
	(No symbol) [0x00007FF718E796E5]
	(No symbol) [0x00007FF718F10667]
	(No symbol) [0x00007FF718EE7A03]
	(No symbol) [0x00007FF718EB06D0]
	(No symbol) [0x00007FF718EB1983]
	GetHandleVerifier [0x00007FF7193D67CD+3579853]
	GetHandleVerifier [0x00007FF7193ED1D2+3672530]
	GetHandleVerifier [0x00007FF7193E2153+3627347]
	GetHandleVerifier [0x00007FF71914092A+868650]
	(No symbol) [0x00007FF718FE2FFF]
	(No symbol) [0x00007FF718FDF4A4]
	(No symbol) [0x00007FF718FDF646]
	(No symbol) [0x00007FF718FCEAA9]
	BaseThreadInitThunk [0x00007FFC4673E8D7+23]
	RtlUserThreadStart [0x00007FFC4825BF6C+44]

2025-03-31 20:42:41,957 - INFO - Completed data collection for TotalEnergies
2025-03-31 20:42:46,958 - INFO - Starting data collection for Glencore
2025-03-31 20:42:56,022 - INFO - Saved debug page: initial_page.html
2025-03-31 20:43:16,137 - INFO - No cookie banner found
2025-03-31 20:43:32,072 - INFO - Processing PDF for Final terms, including the summary of the individual issue annexed to them - GERMANY
2025-03-31 20:43:33,847 - ERROR - Error extracting text from C:\Users\rbrco\Documents\ff2\ESMA bond pull\pdfs\details.pdf: EOF marker not found
2025-03-31 20:43:33,847 - ERROR - Error extracting tables from C:\Users\rbrco\Documents\ff2\ESMA bond pull\pdfs\details.pdf: No /Root object! - Is this really a PDF?
2025-03-31 20:43:33,860 - INFO - Processing PDF for Supplement - LUXEMBOURG
2025-03-31 20:43:34,003 - ERROR - Error extracting text from C:\Users\rbrco\Documents\ff2\ESMA bond pull\pdfs\details.pdf: EOF marker not found
2025-03-31 20:43:34,005 - ERROR - Error extracting tables from C:\Users\rbrco\Documents\ff2\ESMA bond pull\pdfs\details.pdf: No /Root object! - Is this really a PDF?
2025-03-31 20:43:34,022 - INFO - Processing PDF for Base prospectus without Final terms - LUXEMBOURG
2025-03-31 20:43:34,182 - ERROR - Error extracting text from C:\Users\rbrco\Documents\ff2\ESMA bond pull\pdfs\details.pdf: EOF marker not found
2025-03-31 20:43:34,185 - ERROR - Error extracting tables from C:\Users\rbrco\Documents\ff2\ESMA bond pull\pdfs\details.pdf: No /Root object! - Is this really a PDF?
2025-03-31 20:43:34,190 - INFO - Processing PDF for Final terms, including the summary of the individual issue annexed to them - LUXEMBOURG
2025-03-31 20:43:34,337 - ERROR - Error extracting text from C:\Users\rbrco\Documents\ff2\ESMA bond pull\pdfs\details.pdf: EOF marker not found
2025-03-31 20:43:34,341 - ERROR - Error extracting tables from C:\Users\rbrco\Documents\ff2\ESMA bond pull\pdfs\details.pdf: No /Root object! - Is this really a PDF?
2025-03-31 20:43:34,347 - INFO - Processing PDF for Supplement - LUXEMBOURG
2025-03-31 20:43:34,513 - ERROR - Error extracting text from C:\Users\rbrco\Documents\ff2\ESMA bond pull\pdfs\details.pdf: EOF marker not found
2025-03-31 20:43:34,519 - ERROR - Error extracting tables from C:\Users\rbrco\Documents\ff2\ESMA bond pull\pdfs\details.pdf: No /Root object! - Is this really a PDF?
2025-03-31 20:43:34,522 - INFO - Processing PDF for Supplement - LUXEMBOURG
2025-03-31 20:43:34,699 - ERROR - Error extracting text from C:\Users\rbrco\Documents\ff2\ESMA bond pull\pdfs\details.pdf: EOF marker not found
2025-03-31 20:43:34,699 - ERROR - Error extracting tables from C:\Users\rbrco\Documents\ff2\ESMA bond pull\pdfs\details.pdf: No /Root object! - Is this really a PDF?
2025-03-31 20:43:34,708 - INFO - Processing PDF for Supplement - LUXEMBOURG
2025-03-31 20:43:34,863 - ERROR - Error extracting text from C:\Users\rbrco\Documents\ff2\ESMA bond pull\pdfs\details.pdf: EOF marker not found
2025-03-31 20:43:34,869 - ERROR - Error extracting tables from C:\Users\rbrco\Documents\ff2\ESMA bond pull\pdfs\details.pdf: No /Root object! - Is this really a PDF?
2025-03-31 20:43:34,873 - INFO - Processing PDF for Supplement - LUXEMBOURG
2025-03-31 20:43:35,053 - ERROR - Error extracting text from C:\Users\rbrco\Documents\ff2\ESMA bond pull\pdfs\details.pdf: EOF marker not found
2025-03-31 20:43:35,059 - ERROR - Error extracting tables from C:\Users\rbrco\Documents\ff2\ESMA bond pull\pdfs\details.pdf: No /Root object! - Is this really a PDF?
2025-03-31 20:43:35,065 - INFO - Processing PDF for Base prospectus without Final terms - LUXEMBOURG
2025-03-31 20:43:35,240 - ERROR - Error extracting text from C:\Users\rbrco\Documents\ff2\ESMA bond pull\pdfs\details.pdf: EOF marker not found
2025-03-31 20:43:35,242 - ERROR - Error extracting tables from C:\Users\rbrco\Documents\ff2\ESMA bond pull\pdfs\details.pdf: No /Root object! - Is this really a PDF?
2025-03-31 20:43:35,248 - INFO - Processing PDF for Base prospectus without Final terms - LUXEMBOURG
2025-03-31 20:43:35,389 - ERROR - Error extracting text from C:\Users\rbrco\Documents\ff2\ESMA bond pull\pdfs\details.pdf: EOF marker not found
2025-03-31 20:43:35,393 - ERROR - Error extracting tables from C:\Users\rbrco\Documents\ff2\ESMA bond pull\pdfs\details.pdf: No /Root object! - Is this really a PDF?
2025-03-31 20:43:36,161 - INFO - Saved bond summary to C:\Users\rbrco\Documents\ff2\ESMA bond pull\financial_data\bond_summary_20250331_204335.xlsx
2025-03-31 20:43:38,461 - INFO - Completed data collection for Glencore
